[21-Jul-2024 19:33:34 UTC] Inicio de aplicacion web
[21-Jul-2024 19:55:00 UTC] Inicio de aplicacion web
[21-Jul-2024 19:55:00 UTC] PHP Deprecated:  rtrim(): Passing null to parameter #1 ($string) of type string is deprecated in C:\laragon\www\nomina\config\app.php on line 5
[21-Jul-2024 19:55:00 UTC] APP::construct-> no hay controlador app
[21-Jul-2024 19:55:00 UTC] PHP Warning:  require_once(src/controllers/login.php): Failed to open stream: No such file or directory in C:\laragon\www\nomina\config\app.php on line 11
[21-Jul-2024 19:55:00 UTC] PHP Fatal error:  Uncaught Error: Failed opening required 'src/controllers/login.php' (include_path='.;C:/laragon/etc/php/pear') in C:\laragon\www\nomina\config\app.php:11
Stack trace:
#0 C:\laragon\www\nomina\index.php(11): App->__construct()
#1 {main}
  thrown in C:\laragon\www\nomina\config\app.php on line 11
[21-Jul-2024 19:56:34 UTC] Inicio de aplicacion web
[21-Jul-2024 19:56:34 UTC] PHP Deprecated:  rtrim(): Passing null to parameter #1 ($string) of type string is deprecated in C:\laragon\www\nomina\config\app.php on line 5
[21-Jul-2024 19:56:34 UTC] APP::construct-> no hay controlador especificado
[21-Jul-2024 19:56:34 UTC] PHP Warning:  require_once(src/controllers/login.php): Failed to open stream: No such file or directory in C:\laragon\www\nomina\config\app.php on line 11
[21-Jul-2024 19:56:34 UTC] PHP Fatal error:  Uncaught Error: Failed opening required 'src/controllers/login.php' (include_path='.;C:/laragon/etc/php/pear') in C:\laragon\www\nomina\config\app.php:11
Stack trace:
#0 C:\laragon\www\nomina\index.php(11): App->__construct()
#1 {main}
  thrown in C:\laragon\www\nomina\config\app.php on line 11
[21-Jul-2024 20:02:27 UTC] Inicio de aplicacion web
[21-Jul-2024 20:02:28 UTC] PHP Deprecated:  explode(): Passing null to parameter #2 ($string) of type string is deprecated in C:\laragon\www\nomina\config\app.php on line 6
[21-Jul-2024 20:02:28 UTC] APP::construct-> no hay controlador especificado
[21-Jul-2024 20:02:28 UTC] PHP Warning:  require_once(src/controllers/login.php): Failed to open stream: No such file or directory in C:\laragon\www\nomina\config\app.php on line 11
[21-Jul-2024 20:02:28 UTC] PHP Fatal error:  Uncaught Error: Failed opening required 'src/controllers/login.php' (include_path='.;C:/laragon/etc/php/pear') in C:\laragon\www\nomina\config\app.php:11
Stack trace:
#0 C:\laragon\www\nomina\index.php(11): App->__construct()
#1 {main}
  thrown in C:\laragon\www\nomina\config\app.php on line 11
[21-Jul-2024 20:03:47 UTC] Inicio de aplicacion web
[21-Jul-2024 20:03:47 UTC] APP::construct-> no hay controlador especificado
[21-Jul-2024 20:03:47 UTC] PHP Warning:  require_once(src/controllers/login.php): Failed to open stream: No such file or directory in C:\laragon\www\nomina\config\app.php on line 11
[21-Jul-2024 20:03:47 UTC] PHP Fatal error:  Uncaught Error: Failed opening required 'src/controllers/login.php' (include_path='.;C:/laragon/etc/php/pear') in C:\laragon\www\nomina\config\app.php:11
Stack trace:
#0 C:\laragon\www\nomina\index.php(11): App->__construct()
#1 {main}
  thrown in C:\laragon\www\nomina\config\app.php on line 11
[21-Jul-2024 20:07:15 UTC] Inicio de aplicacion web
[21-Jul-2024 20:07:15 UTC] APP::construct-> no hay controlador especificado
[21-Jul-2024 20:07:15 UTC] PHP Warning:  require_once(src/controllers/login.php): Failed to open stream: No such file or directory in C:\laragon\www\nomina\config\app.php on line 12
[21-Jul-2024 20:07:15 UTC] PHP Fatal error:  Uncaught Error: Failed opening required 'src/controllers/login.php' (include_path='.;C:/laragon/etc/php/pear') in C:\laragon\www\nomina\config\app.php:12
Stack trace:
#0 C:\laragon\www\nomina\index.php(11): App->__construct()
#1 {main}
  thrown in C:\laragon\www\nomina\config\app.php on line 12
[21-Jul-2024 20:10:28 UTC] Inicio de aplicacion web
[21-Jul-2024 20:10:28 UTC] APP::construct-> no hay controlador especificado
[21-Jul-2024 20:10:28 UTC] PHP Fatal error:  Uncaught Error: Class "Login" not found in C:\laragon\www\nomina\config\app.php:13
Stack trace:
#0 C:\laragon\www\nomina\index.php(11): App->__construct()
#1 {main}
  thrown in C:\laragon\www\nomina\config\app.php on line 13
[21-Jul-2024 20:12:44 UTC] Inicio de aplicacion web
[21-Jul-2024 20:12:44 UTC] APP::construct -> no hay controlador especificado
[21-Jul-2024 20:12:44 UTC] Login::construct -> Inicio de sesion
[21-Jul-2024 20:23:12 UTC] Inicio de aplicacion web
[21-Jul-2024 20:23:12 UTC] APP::construct -> no hay controlador especificado
[21-Jul-2024 20:23:12 UTC] Login::construct -> Inicio de sesion
[21-Jul-2024 20:23:12 UTC] PHP Fatal error:  Uncaught Error: Call to undefined method Login::loadModel() in C:\laragon\www\nomina\config\app.php:14
Stack trace:
#0 C:\laragon\www\nomina\index.php(11): App->__construct()
#1 {main}
  thrown in C:\laragon\www\nomina\config\app.php on line 14
[21-Jul-2024 20:26:38 UTC] Inicio de aplicacion web
[21-Jul-2024 20:26:39 UTC] APP::construct -> no hay controlador especificado
[21-Jul-2024 20:26:39 UTC] Login::construct -> Inicio de sesion
[21-Jul-2024 20:26:39 UTC] PHP Fatal error:  Uncaught Error: Call to undefined method Login::loadModel() in C:\laragon\www\nomina\config\app.php:14
Stack trace:
#0 C:\laragon\www\nomina\index.php(11): App->__construct()
#1 {main}
  thrown in C:\laragon\www\nomina\config\app.php on line 14
[21-Jul-2024 23:58:39 UTC] Inicio de aplicacion web
[22-Jul-2024 00:57:53 UTC] Inicio de aplicacion web
[22-Jul-2024 00:58:32 UTC] Inicio de aplicacion web
[22-Jul-2024 01:04:07 UTC] Inicio de aplicacion web
[22-Jul-2024 01:04:07 UTC] Inicio de aplicacion web
[22-Jul-2024 01:09:59 UTC] Inicio de aplicacion web
[22-Jul-2024 01:15:16 UTC] Inicio de aplicacion web
[22-Jul-2024 01:35:29 UTC] Inicio de aplicacion web
[22-Jul-2024 01:36:33 UTC] Inicio de aplicacion web
[22-Jul-2024 01:51:45 UTC] Inicio de aplicacion web
[22-Jul-2024 01:51:54 UTC] Inicio de aplicacion web
[22-Jul-2024 01:53:46 UTC] Inicio de aplicacion web
[22-Jul-2024 01:55:14 UTC] Inicio de aplicacion web
[22-Jul-2024 01:55:28 UTC] Inicio de aplicacion web
[22-Jul-2024 01:59:12 UTC] Inicio de aplicacion web
[22-Jul-2024 01:59:16 UTC] Inicio de aplicacion web
[22-Jul-2024 01:59:20 UTC] Inicio de aplicacion web
[22-Jul-2024 01:59:36 UTC] Inicio de aplicacion web
[22-Jul-2024 02:03:42 UTC] Inicio de aplicacion web
[22-Jul-2024 02:08:33 UTC] Inicio de aplicacion web
[22-Jul-2024 02:08:33 UTC] Inicio de aplicacion web
[22-Jul-2024 02:08:37 UTC] Inicio de aplicacion web
[22-Jul-2024 02:12:14 UTC] Inicio de aplicacion web
[22-Jul-2024 02:12:14 UTC] Inicio de aplicacion web
[22-Jul-2024 02:12:15 UTC] Inicio de aplicacion web
[22-Jul-2024 02:12:17 UTC] Inicio de aplicacion web
[22-Jul-2024 02:12:17 UTC] Inicio de aplicacion web
[22-Jul-2024 02:12:17 UTC] Inicio de aplicacion web
[22-Jul-2024 02:13:40 UTC] Inicio de aplicacion web
[22-Jul-2024 02:13:40 UTC] Inicio de aplicacion web
[22-Jul-2024 02:13:48 UTC] Inicio de aplicacion web
[22-Jul-2024 02:13:48 UTC] Inicio de aplicacion web
[22-Jul-2024 02:13:54 UTC] Inicio de aplicacion web
[22-Jul-2024 02:13:54 UTC] Inicio de aplicacion web
[22-Jul-2024 02:14:15 UTC] Inicio de aplicacion web
[22-Jul-2024 02:14:15 UTC] Inicio de aplicacion web
[22-Jul-2024 02:14:29 UTC] Inicio de aplicacion web
[22-Jul-2024 02:14:30 UTC] Inicio de aplicacion web
[22-Jul-2024 02:14:38 UTC] Inicio de aplicacion web
[22-Jul-2024 02:14:38 UTC] Inicio de aplicacion web
[22-Jul-2024 02:14:51 UTC] Inicio de aplicacion web
[22-Jul-2024 02:14:51 UTC] Inicio de aplicacion web
[22-Jul-2024 02:15:06 UTC] Inicio de aplicacion web
[22-Jul-2024 02:15:06 UTC] Inicio de aplicacion web
[22-Jul-2024 02:15:22 UTC] Inicio de aplicacion web
[22-Jul-2024 02:15:22 UTC] Inicio de aplicacion web
[22-Jul-2024 02:15:32 UTC] Inicio de aplicacion web
[22-Jul-2024 02:15:32 UTC] Inicio de aplicacion web
[22-Jul-2024 02:15:38 UTC] Inicio de aplicacion web
[22-Jul-2024 02:15:38 UTC] Inicio de aplicacion web
[22-Jul-2024 02:16:10 UTC] Inicio de aplicacion web
[22-Jul-2024 02:16:10 UTC] Inicio de aplicacion web
[22-Jul-2024 02:16:28 UTC] Inicio de aplicacion web
[22-Jul-2024 02:16:28 UTC] Inicio de aplicacion web
[22-Jul-2024 02:16:32 UTC] Inicio de aplicacion web
[22-Jul-2024 02:18:20 UTC] Inicio de aplicacion web
[22-Jul-2024 02:18:21 UTC] Inicio de aplicacion web
[22-Jul-2024 02:18:21 UTC] Inicio de aplicacion web
[22-Jul-2024 02:18:36 UTC] Inicio de aplicacion web
[22-Jul-2024 02:18:36 UTC] Inicio de aplicacion web
[22-Jul-2024 02:18:44 UTC] Inicio de aplicacion web
[22-Jul-2024 02:18:45 UTC] Inicio de aplicacion web
[22-Jul-2024 02:19:05 UTC] Inicio de aplicacion web
[22-Jul-2024 02:19:05 UTC] Inicio de aplicacion web
[22-Jul-2024 02:19:10 UTC] Inicio de aplicacion web
[22-Jul-2024 02:19:11 UTC] Inicio de aplicacion web
[22-Jul-2024 02:19:19 UTC] Inicio de aplicacion web
[22-Jul-2024 02:19:19 UTC] Inicio de aplicacion web
[22-Jul-2024 02:19:31 UTC] Inicio de aplicacion web
[22-Jul-2024 02:19:31 UTC] Inicio de aplicacion web
[22-Jul-2024 02:19:45 UTC] Inicio de aplicacion web
[22-Jul-2024 02:19:46 UTC] Inicio de aplicacion web
[22-Jul-2024 02:19:52 UTC] Inicio de aplicacion web
[22-Jul-2024 02:19:52 UTC] Inicio de aplicacion web
[22-Jul-2024 02:20:11 UTC] Inicio de aplicacion web
[22-Jul-2024 02:20:11 UTC] Inicio de aplicacion web
[22-Jul-2024 02:20:31 UTC] Inicio de aplicacion web
[22-Jul-2024 02:20:32 UTC] Inicio de aplicacion web
[22-Jul-2024 02:20:53 UTC] Inicio de aplicacion web
[22-Jul-2024 02:20:53 UTC] Inicio de aplicacion web
[22-Jul-2024 02:21:19 UTC] Inicio de aplicacion web
[22-Jul-2024 02:21:20 UTC] Inicio de aplicacion web
[22-Jul-2024 02:21:33 UTC] Inicio de aplicacion web
[22-Jul-2024 02:21:33 UTC] Inicio de aplicacion web
[22-Jul-2024 02:21:42 UTC] Inicio de aplicacion web
[22-Jul-2024 02:21:43 UTC] Inicio de aplicacion web
[22-Jul-2024 02:21:58 UTC] Inicio de aplicacion web
[22-Jul-2024 02:21:58 UTC] Inicio de aplicacion web
[22-Jul-2024 02:24:32 UTC] Inicio de aplicacion web
[22-Jul-2024 02:24:32 UTC] Inicio de aplicacion web
[22-Jul-2024 02:24:43 UTC] Inicio de aplicacion web
[22-Jul-2024 02:24:43 UTC] Inicio de aplicacion web
[22-Jul-2024 02:24:57 UTC] Inicio de aplicacion web
[22-Jul-2024 02:24:58 UTC] Inicio de aplicacion web
[22-Jul-2024 02:25:07 UTC] Inicio de aplicacion web
[22-Jul-2024 02:25:08 UTC] Inicio de aplicacion web
[22-Jul-2024 02:25:19 UTC] Inicio de aplicacion web
[22-Jul-2024 02:25:20 UTC] Inicio de aplicacion web
[22-Jul-2024 02:25:49 UTC] Inicio de aplicacion web
[22-Jul-2024 02:25:50 UTC] Inicio de aplicacion web
[22-Jul-2024 02:26:04 UTC] Inicio de aplicacion web
[22-Jul-2024 02:26:04 UTC] Inicio de aplicacion web
[22-Jul-2024 02:27:01 UTC] Inicio de aplicacion web
[22-Jul-2024 02:27:01 UTC] Inicio de aplicacion web
[22-Jul-2024 02:27:17 UTC] Inicio de aplicacion web
[22-Jul-2024 02:27:18 UTC] Inicio de aplicacion web
[22-Jul-2024 02:27:31 UTC] Inicio de aplicacion web
[22-Jul-2024 02:27:32 UTC] Inicio de aplicacion web
[22-Jul-2024 02:27:40 UTC] Inicio de aplicacion web
[22-Jul-2024 02:27:41 UTC] Inicio de aplicacion web
[22-Jul-2024 02:28:06 UTC] Inicio de aplicacion web
[22-Jul-2024 02:28:06 UTC] Inicio de aplicacion web
[22-Jul-2024 02:28:09 UTC] Inicio de aplicacion web
[22-Jul-2024 02:28:09 UTC] Inicio de aplicacion web
[22-Jul-2024 02:28:34 UTC] Inicio de aplicacion web
[22-Jul-2024 02:28:34 UTC] Inicio de aplicacion web
[22-Jul-2024 02:28:41 UTC] Inicio de aplicacion web
[22-Jul-2024 02:28:41 UTC] Inicio de aplicacion web
[22-Jul-2024 02:28:58 UTC] Inicio de aplicacion web
[22-Jul-2024 02:28:59 UTC] Inicio de aplicacion web
[22-Jul-2024 02:29:16 UTC] Inicio de aplicacion web
[22-Jul-2024 02:29:16 UTC] Inicio de aplicacion web
[22-Jul-2024 02:29:45 UTC] Inicio de aplicacion web
[22-Jul-2024 02:29:46 UTC] Inicio de aplicacion web
[22-Jul-2024 02:30:11 UTC] Inicio de aplicacion web
[22-Jul-2024 02:30:11 UTC] Inicio de aplicacion web
[22-Jul-2024 02:30:13 UTC] Inicio de aplicacion web
[22-Jul-2024 02:30:14 UTC] Inicio de aplicacion web
[22-Jul-2024 02:31:07 UTC] Inicio de aplicacion web
[22-Jul-2024 02:31:07 UTC] Inicio de aplicacion web
[22-Jul-2024 02:31:09 UTC] Inicio de aplicacion web
[22-Jul-2024 02:31:09 UTC] Inicio de aplicacion web
[22-Jul-2024 02:31:15 UTC] Inicio de aplicacion web
[22-Jul-2024 02:31:15 UTC] Inicio de aplicacion web
[22-Jul-2024 02:31:24 UTC] Inicio de aplicacion web
[22-Jul-2024 02:31:24 UTC] Inicio de aplicacion web
[22-Jul-2024 02:31:40 UTC] Inicio de aplicacion web
[22-Jul-2024 02:31:40 UTC] Inicio de aplicacion web
[22-Jul-2024 02:32:04 UTC] Inicio de aplicacion web
[22-Jul-2024 02:32:05 UTC] Inicio de aplicacion web
[22-Jul-2024 02:32:06 UTC] Inicio de aplicacion web
[22-Jul-2024 02:32:07 UTC] Inicio de aplicacion web
[22-Jul-2024 02:32:18 UTC] Inicio de aplicacion web
[22-Jul-2024 02:32:19 UTC] Inicio de aplicacion web
[22-Jul-2024 02:32:33 UTC] Inicio de aplicacion web
[22-Jul-2024 02:32:33 UTC] Inicio de aplicacion web
[22-Jul-2024 02:33:34 UTC] Inicio de aplicacion web
[22-Jul-2024 02:33:34 UTC] Inicio de aplicacion web
[22-Jul-2024 02:33:42 UTC] Inicio de aplicacion web
[22-Jul-2024 02:33:42 UTC] Inicio de aplicacion web
[22-Jul-2024 02:33:48 UTC] Inicio de aplicacion web
[22-Jul-2024 02:33:48 UTC] Inicio de aplicacion web
[22-Jul-2024 02:34:02 UTC] Inicio de aplicacion web
[22-Jul-2024 02:34:02 UTC] Inicio de aplicacion web
[22-Jul-2024 02:34:07 UTC] Inicio de aplicacion web
[22-Jul-2024 02:34:08 UTC] Inicio de aplicacion web
[22-Jul-2024 02:34:42 UTC] Inicio de aplicacion web
[22-Jul-2024 02:34:45 UTC] Inicio de aplicacion web
[22-Jul-2024 02:36:16 UTC] Inicio de aplicacion web
[22-Jul-2024 02:36:16 UTC] Inicio de aplicacion web
[22-Jul-2024 02:36:23 UTC] Inicio de aplicacion web
[22-Jul-2024 02:36:24 UTC] Inicio de aplicacion web
[22-Jul-2024 02:41:06 UTC] Inicio de aplicacion web
[22-Jul-2024 02:41:06 UTC] Inicio de aplicacion web
[22-Jul-2024 02:41:18 UTC] Inicio de aplicacion web
[22-Jul-2024 02:41:18 UTC] Inicio de aplicacion web
